Determining if the pthread_create exist failed with the following output:
Change Dir: /home/robot/catkin_ws/build/CMakeFiles/CMakeTmp

Run Build Command:"/usr/bin/make" "cmTC_8186c/fast"
/usr/bin/make -f CMakeFiles/cmTC_8186c.dir/build.make CMakeFiles/cmTC_8186c.dir/build
make[1]: Entering directory '/home/robot/catkin_ws/build/CMakeFiles/CMakeTmp'
Building C object CMakeFiles/cmTC_8186c.dir/CheckSymbolExists.c.o
/usr/bin/cc     -o CMakeFiles/cmTC_8186c.dir/CheckSymbolExists.c.o   -c /home/robot/catkin_ws/build/CMakeFiles/CMakeTmp/CheckSymbolExists.c
Linking C executable cmTC_8186c
/usr/bin/cmake -E cmake_link_script CMakeFiles/cmTC_8186c.dir/link.txt --verbose=1
/usr/bin/cc       CMakeFiles/cmTC_8186c.dir/CheckSymbolExists.c.o  -o cmTC_8186c -rdynamic 
CMakeFiles/cmTC_8186c.dir/CheckSymbolExists.c.o: In function `main':
CheckSymbolExists.c:(.text+0x16): undefined reference to `pthread_create'
collect2: error: ld returned 1 exit status
CMakeFiles/cmTC_8186c.dir/build.make:97: recipe for target 'cmTC_8186c' failed
make[1]: *** [cmTC_8186c] Error 1
make[1]: Leaving directory '/home/robot/catkin_ws/build/CMakeFiles/CMakeTmp'
Makefile:126: recipe for target 'cmTC_8186c/fast' failed
make: *** [cmTC_8186c/fast] Error 2

File /home/robot/catkin_ws/build/CMakeFiles/CMakeTmp/CheckSymbolExists.c:
/* */
#include <pthread.h>

int main(int argc, char** argv)
{
  (void)argv;
#ifndef pthread_create
  return ((int*)(&pthread_create))[argc];
#else
  (void)argc;
  return 0;
#endif
}

Determining if the function pthread_create exists in the pthreads failed with the following output:
Change Dir: /home/robot/catkin_ws/build/CMakeFiles/CMakeTmp

Run Build Command:"/usr/bin/make" "cmTC_0f43f/fast"
/usr/bin/make -f CMakeFiles/cmTC_0f43f.dir/build.make CMakeFiles/cmTC_0f43f.dir/build
make[1]: Entering directory '/home/robot/catkin_ws/build/CMakeFiles/CMakeTmp'
Building C object CMakeFiles/cmTC_0f43f.dir/CheckFunctionExists.c.o
/usr/bin/cc    -DCHECK_FUNCTION_EXISTS=pthread_create   -o CMakeFiles/cmTC_0f43f.dir/CheckFunctionExists.c.o   -c /usr/share/cmake-3.5/Modules/CheckFunctionExists.c
Linking C executable cmTC_0f43f
/usr/bin/cmake -E cmake_link_script CMakeFiles/cmTC_0f43f.dir/link.txt --verbose=1
/usr/bin/cc   -DCHECK_FUNCTION_EXISTS=pthread_create    CMakeFiles/cmTC_0f43f.dir/CheckFunctionExists.c.o  -o cmTC_0f43f -rdynamic -lpthreads 
/usr/bin/ld: cannot find -lpthreads
collect2: error: ld returned 1 exit status
CMakeFiles/cmTC_0f43f.dir/build.make:97: recipe for target 'cmTC_0f43f' failed
make[1]: *** [cmTC_0f43f] Error 1
make[1]: Leaving directory '/home/robot/catkin_ws/build/CMakeFiles/CMakeTmp'
Makefile:126: recipe for target 'cmTC_0f43f/fast' failed
make: *** [cmTC_0f43f/fast] Error 2


Determining if the Q_WS_WIN exist failed with the following output:
Change Dir: /home/robot/catkin_ws/build/CMakeFiles/CMakeTmp

Run Build Command:"/usr/bin/make" "cmTC_20ee2/fast"
/usr/bin/make -f CMakeFiles/cmTC_20ee2.dir/build.make CMakeFiles/cmTC_20ee2.dir/build
make[1]: Entering directory '/home/robot/catkin_ws/build/CMakeFiles/CMakeTmp'
Building CXX object CMakeFiles/cmTC_20ee2.dir/CheckSymbolExists.cxx.o
/usr/bin/c++    -I/usr/include/qt4   -o CMakeFiles/cmTC_20ee2.dir/CheckSymbolExists.cxx.o -c /home/robot/catkin_ws/build/CMakeFiles/CMakeTmp/CheckSymbolExists.cxx
/home/robot/catkin_ws/build/CMakeFiles/CMakeTmp/CheckSymbolExists.cxx: In function ‘int main(int, char**)’:
/home/robot/catkin_ws/build/CMakeFiles/CMakeTmp/CheckSymbolExists.cxx:8:19: error: ‘Q_WS_WIN’ was not declared in this scope
   return ((int*)(&Q_WS_WIN))[argc];
                   ^
CMakeFiles/cmTC_20ee2.dir/build.make:65: recipe for target 'CMakeFiles/cmTC_20ee2.dir/CheckSymbolExists.cxx.o' failed
make[1]: *** [CMakeFiles/cmTC_20ee2.dir/CheckSymbolExists.cxx.o] Error 1
make[1]: Leaving directory '/home/robot/catkin_ws/build/CMakeFiles/CMakeTmp'
Makefile:126: recipe for target 'cmTC_20ee2/fast' failed
make: *** [cmTC_20ee2/fast] Error 2

File /home/robot/catkin_ws/build/CMakeFiles/CMakeTmp/CheckSymbolExists.cxx:
/* */
#include <QtCore/qglobal.h>

int main(int argc, char** argv)
{
  (void)argv;
#ifndef Q_WS_WIN
  return ((int*)(&Q_WS_WIN))[argc];
#else
  (void)argc;
  return 0;
#endif
}

Determining if the Q_WS_QWS exist failed with the following output:
Change Dir: /home/robot/catkin_ws/build/CMakeFiles/CMakeTmp

Run Build Command:"/usr/bin/make" "cmTC_086e1/fast"
/usr/bin/make -f CMakeFiles/cmTC_086e1.dir/build.make CMakeFiles/cmTC_086e1.dir/build
make[1]: Entering directory '/home/robot/catkin_ws/build/CMakeFiles/CMakeTmp'
Building CXX object CMakeFiles/cmTC_086e1.dir/CheckSymbolExists.cxx.o
/usr/bin/c++    -I/usr/include/qt4   -o CMakeFiles/cmTC_086e1.dir/CheckSymbolExists.cxx.o -c /home/robot/catkin_ws/build/CMakeFiles/CMakeTmp/CheckSymbolExists.cxx
/home/robot/catkin_ws/build/CMakeFiles/CMakeTmp/CheckSymbolExists.cxx: In function ‘int main(int, char**)’:
/home/robot/catkin_ws/build/CMakeFiles/CMakeTmp/CheckSymbolExists.cxx:8:19: error: ‘Q_WS_QWS’ was not declared in this scope
   return ((int*)(&Q_WS_QWS))[argc];
                   ^
CMakeFiles/cmTC_086e1.dir/build.make:65: recipe for target 'CMakeFiles/cmTC_086e1.dir/CheckSymbolExists.cxx.o' failed
make[1]: *** [CMakeFiles/cmTC_086e1.dir/CheckSymbolExists.cxx.o] Error 1
make[1]: Leaving directory '/home/robot/catkin_ws/build/CMakeFiles/CMakeTmp'
Makefile:126: recipe for target 'cmTC_086e1/fast' failed
make: *** [cmTC_086e1/fast] Error 2

File /home/robot/catkin_ws/build/CMakeFiles/CMakeTmp/CheckSymbolExists.cxx:
/* */
#include <QtCore/qglobal.h>

int main(int argc, char** argv)
{
  (void)argv;
#ifndef Q_WS_QWS
  return ((int*)(&Q_WS_QWS))[argc];
#else
  (void)argc;
  return 0;
#endif
}

Determining if the Q_WS_MAC exist failed with the following output:
Change Dir: /home/robot/catkin_ws/build/CMakeFiles/CMakeTmp

Run Build Command:"/usr/bin/make" "cmTC_8f12a/fast"
/usr/bin/make -f CMakeFiles/cmTC_8f12a.dir/build.make CMakeFiles/cmTC_8f12a.dir/build
make[1]: Entering directory '/home/robot/catkin_ws/build/CMakeFiles/CMakeTmp'
Building CXX object CMakeFiles/cmTC_8f12a.dir/CheckSymbolExists.cxx.o
/usr/bin/c++    -I/usr/include/qt4   -o CMakeFiles/cmTC_8f12a.dir/CheckSymbolExists.cxx.o -c /home/robot/catkin_ws/build/CMakeFiles/CMakeTmp/CheckSymbolExists.cxx
/home/robot/catkin_ws/build/CMakeFiles/CMakeTmp/CheckSymbolExists.cxx: In function ‘int main(int, char**)’:
/home/robot/catkin_ws/build/CMakeFiles/CMakeTmp/CheckSymbolExists.cxx:8:19: error: ‘Q_WS_MAC’ was not declared in this scope
   return ((int*)(&Q_WS_MAC))[argc];
                   ^
CMakeFiles/cmTC_8f12a.dir/build.make:65: recipe for target 'CMakeFiles/cmTC_8f12a.dir/CheckSymbolExists.cxx.o' failed
make[1]: *** [CMakeFiles/cmTC_8f12a.dir/CheckSymbolExists.cxx.o] Error 1
make[1]: Leaving directory '/home/robot/catkin_ws/build/CMakeFiles/CMakeTmp'
Makefile:126: recipe for target 'cmTC_8f12a/fast' failed
make: *** [cmTC_8f12a/fast] Error 2

File /home/robot/catkin_ws/build/CMakeFiles/CMakeTmp/CheckSymbolExists.cxx:
/* */
#include <QtCore/qglobal.h>

int main(int argc, char** argv)
{
  (void)argv;
#ifndef Q_WS_MAC
  return ((int*)(&Q_WS_MAC))[argc];
#else
  (void)argc;
  return 0;
#endif
}

Determining if the include file pgm.h exists failed with the following output:
Change Dir: /home/robot/catkin_ws/build/CMakeFiles/CMakeTmp

Run Build Command:"/usr/bin/make" "cmTC_5bdff/fast"
/usr/bin/make -f CMakeFiles/cmTC_5bdff.dir/build.make CMakeFiles/cmTC_5bdff.dir/build
make[1]: Entering directory '/home/robot/catkin_ws/build/CMakeFiles/CMakeTmp'
Building CXX object CMakeFiles/cmTC_5bdff.dir/CheckIncludeFile.cxx.o
/usr/bin/c++      -o CMakeFiles/cmTC_5bdff.dir/CheckIncludeFile.cxx.o -c /home/robot/catkin_ws/build/CMakeFiles/CMakeTmp/CheckIncludeFile.cxx
/home/robot/catkin_ws/build/CMakeFiles/CMakeTmp/CheckIncludeFile.cxx:1:17: fatal error: pgm.h: No such file or directory
compilation terminated.
CMakeFiles/cmTC_5bdff.dir/build.make:65: recipe for target 'CMakeFiles/cmTC_5bdff.dir/CheckIncludeFile.cxx.o' failed
make[1]: *** [CMakeFiles/cmTC_5bdff.dir/CheckIncludeFile.cxx.o] Error 1
make[1]: Leaving directory '/home/robot/catkin_ws/build/CMakeFiles/CMakeTmp'
Makefile:126: recipe for target 'cmTC_5bdff/fast' failed
make: *** [cmTC_5bdff/fast] Error 2


